<?xml version="1.0" encoding="UTF-8"?>
<!-- Generated by org.testng.reporters.JUnitReportReporter -->
<testsuite skipped="0" hostname="DESKTOP-V62BBK2" name="StoredProcedure.ToVerifyStoredProcedureName" tests="1" failures="0" timestamp="2023-06-05T16:07:53 IST" time="0.019" errors="0">
  <testcase name="testProcedure" time="0.019" classname="StoredProcedure.ToVerifyStoredProcedureName"/>
  <system-out/>
</testsuite> <!-- StoredProcedure.ToVerifyStoredProcedureName -->
