<?xml version="1.0" encoding="UTF-8"?>
<!-- Generated by org.testng.reporters.JUnitReportReporter -->
<testsuite skipped="0" hostname="DESKTOP-V62BBK2" name="StoredProcedure.ToCallInputOutputParameterisedStoredProcedure" tests="1" failures="0" timestamp="2023-06-08T11:00:15 IST" time="0.051" errors="0">
  <testcase name="testProcedure" time="0.051" classname="StoredProcedure.ToCallInputOutputParameterisedStoredProcedure"/>
  <system-out/>
</testsuite> <!-- StoredProcedure.ToCallInputOutputParameterisedStoredProcedure -->
