<?xml version="1.0" encoding="UTF-8"?>
<!-- Generated by org.testng.reporters.JUnitReportReporter -->
<testsuite skipped="0" hostname="DESKTOP-V62BBK2" name="StoredProcedure.ToCallParameterisedStoredProcedure" tests="1" failures="0" timestamp="2023-06-07T15:04:47 IST" time="0.047" errors="0">
  <testcase name="testProcedure" time="0.047" classname="StoredProcedure.ToCallParameterisedStoredProcedure"/>
  <system-out/>
</testsuite> <!-- StoredProcedure.ToCallParameterisedStoredProcedure -->
