<?xml version="1.0" encoding="UTF-8"?>
<!-- Generated by org.testng.reporters.JUnitReportReporter -->
<testsuite skipped="0" hostname="DESKTOP-V62BBK2" name="StoredProcedure.ToTestAStoredFunction" tests="1" failures="0" timestamp="2023-06-09T19:07:33 IST" time="0.056" errors="0">
  <testcase name="testProcedure" time="0.056" classname="StoredProcedure.ToTestAStoredFunction"/>
  <system-out/>
</testsuite> <!-- StoredProcedure.ToTestAStoredFunction -->
