<?xml version="1.0" encoding="UTF-8"?>
<!-- Generated by org.testng.reporters.JUnitReportReporter -->
<testsuite skipped="0" hostname="DESKTOP-V62BBK2" name="StoredProcedure.ToValidateShippingDays" tests="1" failures="0" timestamp="2023-06-08T17:17:45 IST" time="0.045" errors="0">
  <testcase name="testProcedure" time="0.045" classname="StoredProcedure.ToValidateShippingDays"/>
  <system-out/>
</testsuite> <!-- StoredProcedure.ToValidateShippingDays -->
